<?xml version="1.0" encoding="UTF-8"?>
<!-- Generated by org.testng.reporters.JUnitXMLReporter -->
<testsuite ignored="12" hostname="Rupali" failures="0" tests="3" name="Test12345" time="0.441" errors="0" timestamp="2022-07-25T22:34:24 IST">
  <testcase classname="GroupingXML.GRP3" name="L" time="0.171"/>
  <testcase classname="GroupingXML.GRP1" name="B" time="0.003"/>
  <testcase classname="GroupingXML.GRP2" name="G" time="0.01"/>
  <testcase classname="GroupingXML.GRP3" name="M" time="0.0">
    <ignored/>
  </testcase> <!-- M -->
  <testcase classname="GroupingXML.GRP1" name="C" time="0.0">
    <ignored/>
  </testcase> <!-- C -->
  <testcase classname="GroupingXML.GRP3" name="N" time="0.0">
    <ignored/>
  </testcase> <!-- N -->
  <testcase classname="GroupingXML.GRP3" name="O" time="0.0">
    <ignored/>
  </testcase> <!-- O -->
  <testcase classname="GroupingXML.GRP1" name="A" time="0.0">
    <ignored/>
  </testcase> <!-- A -->
  <testcase classname="GroupingXML.GRP2" name="F" time="0.0">
    <ignored/>
  </testcase> <!-- F -->
  <testcase classname="GroupingXML.GRP1" name="D" time="0.0">
    <ignored/>
  </testcase> <!-- D -->
  <testcase classname="GroupingXML.GRP3" name="K" time="0.0">
    <ignored/>
  </testcase> <!-- K -->
  <testcase classname="GroupingXML.GRP1" name="E" time="0.0">
    <ignored/>
  </testcase> <!-- E -->
  <testcase classname="GroupingXML.GRP2" name="J" time="0.0">
    <ignored/>
  </testcase> <!-- J -->
  <testcase classname="GroupingXML.GRP2" name="I" time="0.0">
    <ignored/>
  </testcase> <!-- I -->
  <testcase classname="GroupingXML.GRP2" name="H" time="0.0">
    <ignored/>
  </testcase> <!-- H -->
</testsuite> <!-- Test12345 -->
