<?xml version="1.0" encoding="UTF-8"?>
<!-- Generated by org.testng.reporters.JUnitXMLReporter -->
<testsuite ignored="9" hostname="Rupali" failures="0" tests="6" name="TestIncludeExclude" time="0.489" errors="0" timestamp="2022-07-25T21:26:30 IST">
  <testcase classname="IncludeExcludeinclasslevel.InEx2" name="I" time="0.059"/>
  <testcase classname="IncludeExcludeinclasslevel.InEx2" name="G" time="0.01"/>
  <testcase classname="IncludeExcludeinclasslevel.InEx1" name="A" time="0.007"/>
  <testcase classname="IncludeExcludeinclasslevel.InEx1" name="E" time="0.015"/>
  <testcase classname="IncludeExcludeinclasslevel.InEx3" name="L" time="0.021"/>
  <testcase classname="IncludeExcludeinclasslevel.InEx3" name="O" time="0.012"/>
  <testcase classname="IncludeExcludeinclasslevel.InEx2" name="H" time="0.0">
    <ignored/>
  </testcase> <!-- H -->
  <testcase classname="IncludeExcludeinclasslevel.InEx2" name="J" time="0.0">
    <ignored/>
  </testcase> <!-- J -->
  <testcase classname="IncludeExcludeinclasslevel.InEx3" name="K" time="0.0">
    <ignored/>
  </testcase> <!-- K -->
  <testcase classname="IncludeExcludeinclasslevel.InEx1" name="B" time="0.0">
    <ignored/>
  </testcase> <!-- B -->
  <testcase classname="IncludeExcludeinclasslevel.InEx2" name="F" time="0.0">
    <ignored/>
  </testcase> <!-- F -->
  <testcase classname="IncludeExcludeinclasslevel.InEx1" name="D" time="0.0">
    <ignored/>
  </testcase> <!-- D -->
  <testcase classname="IncludeExcludeinclasslevel.InEx1" name="C" time="0.0">
    <ignored/>
  </testcase> <!-- C -->
  <testcase classname="IncludeExcludeinclasslevel.InEx3" name="M" time="0.0">
    <ignored/>
  </testcase> <!-- M -->
  <testcase classname="IncludeExcludeinclasslevel.InEx3" name="N" time="0.0">
    <ignored/>
  </testcase> <!-- N -->
</testsuite> <!-- TestIncludeExclude -->
