<?xml version="1.0" encoding="UTF-8"?>
<!-- Generated by org.testng.reporters.JUnitXMLReporter -->
<testsuite ignored="0" hostname="Rupali" failures="2" tests="2" name="Test" time="0.224" errors="0" timestamp="2022-08-04T23:01:47 IST">
  <testcase classname="TestNGListener.Pune" name="Swargate" time="0.044">
    <failure type="java.lang.AssertionError" message="null">
      <![CDATA[java.lang.AssertionError: null
at TestNGListener.Pune.Swargate(Pune.java:12)
at java.base/java.util.ArrayList.forEach(ArrayList.java:1541)
... Removed 29 stack frames]]>
    </failure>
  </testcase> <!-- Swargate -->
  <testcase classname="TestNGListener.Pune" name="Swargate" time="0.153">
    <failure type="java.lang.NullPointerException">
      <![CDATA[java.lang.NullPointerException
at Baseclassusingpropertyfile.Basenew.takeScreenshot(Basenew.java:33)
at TestNGListener.Listener.onTestFailure(Listener.java:24)
at java.base/java.util.ArrayList.forEach(ArrayList.java:1541)
... Removed 24 stack frames]]>
    </failure>
  </testcase> <!-- Swargate -->
</testsuite> <!-- Test -->
