<?xml version="1.0" encoding="UTF-8"?>
<!-- Generated by org.testng.reporters.JUnitXMLReporter -->
<testsuite ignored="1" hostname="Rupali" failures="2" tests="2" name="Test(failed)" time="0.169" errors="0" timestamp="2022-08-01T15:13:59 IST">
  <testcase classname="FailledTestCaseXML.testcase2" name="D" time="0.025">
    <failure type="java.lang.AssertionError" message="null">
      <![CDATA[java.lang.AssertionError: null
at FailledTestCaseXML.testcase2.D(testcase2.java:12)
at java.base/java.util.ArrayList.forEach(ArrayList.java:1541)
... Removed 29 stack frames]]>
    </failure>
  </testcase> <!-- D -->
  <testcase classname="FailledTestCaseXML.testcase2" name="E" time="0.005">
    <failure type="java.lang.AssertionError" message="null">
      <![CDATA[java.lang.AssertionError: null
at FailledTestCaseXML.testcase2.E(testcase2.java:18)
at java.base/java.util.ArrayList.forEach(ArrayList.java:1541)
... Removed 29 stack frames]]>
    </failure>
  </testcase> <!-- E -->
  <testcase classname="FailledTestCaseXML.testcase2" name="F" time="0.0">
    <ignored/>
  </testcase> <!-- F -->
</testsuite> <!-- Test(failed) -->
