<?xml version="1.0" encoding="UTF-8"?>
<!-- Generated by org.testng.reporters.JUnitXMLReporter -->
<testsuite ignored="2" hostname="Rupali" failures="0" tests="1" name="Test(failed)(failed)(failed)" time="0.133" errors="0" timestamp="2022-08-01T15:16:03 IST">
  <testcase classname="FailledTestCaseXML.testcase2" name="E" time="0.026"/>
  <testcase classname="FailledTestCaseXML.testcase2" name="D" time="0.0">
    <ignored/>
  </testcase> <!-- D -->
  <testcase classname="FailledTestCaseXML.testcase2" name="F" time="0.0">
    <ignored/>
  </testcase> <!-- F -->
</testsuite> <!-- Test(failed)(failed)(failed) -->
